2025-03-28 15:09:46.840941 - Received CBT.V508.FILE042.PDS from FILE042.XMI 
2025-03-28 15:09:46.842096 - Found $$$#DATE.txt (text/plain) in CBT.V508.FILE042.PDS, moved to PDS/$$$#DATE
2025-03-28 15:09:46.842681 - Found $CDPARMS.txt (text/plain) in CBT.V508.FILE042.PDS, moved to PDS/$CDPARMS
2025-03-28 15:09:46.843259 - Found $CONTACT.txt (text/plain) in CBT.V508.FILE042.PDS, moved to PDS/$CONTACT
2025-03-28 15:09:46.843832 - Found $DOC.txt (text/plain) in CBT.V508.FILE042.PDS, moved to PDS/$DOC
2025-03-28 15:09:46.844434 - Found $INDEX.txt (text/plain) in CBT.V508.FILE042.PDS, moved to PDS/$INDEX
2025-03-28 15:09:46.845340 - Found $INST.txt (text/plain) in CBT.V508.FILE042.PDS, moved to PDS/$INST
2025-03-28 15:09:46.845889 - Found $REXXUPD.rexx (text/plain) in CBT.V508.FILE042.PDS, moved to PDS/$REXXUPD
2025-03-28 15:09:46.846420 - Found $WORD.txt (text/plain) in CBT.V508.FILE042.PDS, moved to PDS/$WORD
2025-03-28 15:09:46.846947 - Found @FILE042.txt (text/plain) in CBT.V508.FILE042.PDS, moved to PDS/@FILE042
2025-03-28 15:09:46.847512 - Found CDCOMMS.txt (text/plain) in CBT.V508.FILE042.PDS, moved to PDS/CDCOMMS
2025-03-28 15:09:46.848296 - Found CDDIAG.txt (text/plain) in CBT.V508.FILE042.PDS, moved to PDS/CDDIAG
2025-03-28 15:09:46.848828 - Found CDJCL.txt (text/plain) in CBT.V508.FILE042.PDS, moved to PDS/CDJCL
2025-03-28 15:09:46.849347 - Found CDPARMS.txt (text/plain) in CBT.V508.FILE042.PDS, moved to PDS/CDPARMS
2025-03-28 15:09:46.849794 - Found COBATCH.txt (text/plain) in CBT.V508.FILE042.PDS, moved to PDS/COBATCH
2025-03-28 15:09:46.850327 - Found COICE.txt (text/plain) in CBT.V508.FILE042.PDS, moved to PDS/COICE
2025-03-28 15:09:46.850771 - Found COMAIN.txt (text/plain) in CBT.V508.FILE042.PDS, moved to PDS/COMAIN
2025-03-28 15:09:46.851665 - Found COSRTCNT.txt (text/plain) in CBT.V508.FILE042.PDS, moved to PDS/COSRTCNT
2025-03-28 15:09:46.852100 - Found COTIME.txt (text/plain) in CBT.V508.FILE042.PDS, moved to PDS/COTIME
2025-03-28 15:09:46.852986 - Found DGAXSMF.txt (text/plain) in CBT.V508.FILE042.PDS, moved to PDS/DGAXSMF
2025-03-28 15:09:46.853488 - Found DGAXSMFA.jcl (text/plain) in CBT.V508.FILE042.PDS, moved to PDS/DGAXSMFA
2025-03-28 15:09:46.853993 - Found SESSHW.txt (text/plain) in CBT.V508.FILE042.PDS, moved to PDS/SESSHW
2025-03-28 15:09:46.854613 - Found STAARC1.jcl (text/plain) in CBT.V508.FILE042.PDS, moved to PDS/STAARC1
2025-03-28 15:09:46.855051 - Found STACT.jcl (text/plain) in CBT.V508.FILE042.PDS, moved to PDS/STACT
2025-03-28 15:09:46.855584 - Found STACTEQ0.jcl (text/plain) in CBT.V508.FILE042.PDS, moved to PDS/STACTEQ0
2025-03-28 15:09:46.856465 - Found STACTERR.jcl (text/plain) in CBT.V508.FILE042.PDS, moved to PDS/STACTERR
2025-03-28 15:09:46.857352 - Found STACTGT0.jcl (text/plain) in CBT.V508.FILE042.PDS, moved to PDS/STACTGT0
2025-03-28 15:09:46.860056 - Found STADAILY.jcl (text/plain) in CBT.V508.FILE042.PDS, moved to PDS/STADAILY
2025-03-28 15:09:46.860487 - Found STADEL.jcl (text/plain) in CBT.V508.FILE042.PDS, moved to PDS/STADEL
2025-03-28 15:09:46.861009 - Found STADIAG.jcl (text/plain) in CBT.V508.FILE042.PDS, moved to PDS/STADIAG
2025-03-28 15:09:46.861536 - Found STAERRM.jcl (text/plain) in CBT.V508.FILE042.PDS, moved to PDS/STAERRM
2025-03-28 15:09:46.862328 - Found STAESDS.jcl (text/plain) in CBT.V508.FILE042.PDS, moved to PDS/STAESDS
2025-03-28 15:09:46.862770 - Found STAFI.jcl (text/plain) in CBT.V508.FILE042.PDS, moved to PDS/STAFI
2025-03-28 15:09:46.863477 - Found STAHDR.txt (text/plain) in CBT.V508.FILE042.PDS, moved to PDS/STAHDR
2025-03-28 15:09:46.863884 - Found STAHOURS.jcl (text/plain) in CBT.V508.FILE042.PDS, moved to PDS/STAHOURS
2025-03-28 15:09:46.864380 - Found STAHOUR2.jcl (text/plain) in CBT.V508.FILE042.PDS, moved to PDS/STAHOUR2
2025-03-28 15:09:46.864797 - Found STAHOUR3.jcl (text/plain) in CBT.V508.FILE042.PDS, moved to PDS/STAHOUR3
2025-03-28 15:09:46.865164 - Found STAHW.jcl (text/plain) in CBT.V508.FILE042.PDS, moved to PDS/STAHW
2025-03-28 15:09:46.869308 - Found STAHWP.jcl (text/plain) in CBT.V508.FILE042.PDS, moved to PDS/STAHWP
2025-03-28 15:09:46.869855 - Found STAHWRPT.jcl (text/plain) in CBT.V508.FILE042.PDS, moved to PDS/STAHWRPT
2025-03-28 15:09:46.870564 - Found STAHW01.jcl (text/plain) in CBT.V508.FILE042.PDS, moved to PDS/STAHW01
2025-03-28 15:09:46.871097 - Found STAHW02.jcl (text/plain) in CBT.V508.FILE042.PDS, moved to PDS/STAHW02
2025-03-28 15:09:46.871874 - Found STAHW03.jcl (text/plain) in CBT.V508.FILE042.PDS, moved to PDS/STAHW03
2025-03-28 15:09:46.872418 - Found STAHW04.jcl (text/plain) in CBT.V508.FILE042.PDS, moved to PDS/STAHW04
2025-03-28 15:09:46.873216 - Found STAINDEX.txt (text/plain) in CBT.V508.FILE042.PDS, moved to PDS/STAINDEX
2025-03-28 15:09:46.873809 - Found STAINQ.jcl (text/plain) in CBT.V508.FILE042.PDS, moved to PDS/STAINQ
2025-03-28 15:09:46.874282 - Found STAINQ2.jcl (text/plain) in CBT.V508.FILE042.PDS, moved to PDS/STAINQ2
2025-03-28 15:09:46.874884 - Found STAKEY.jcl (text/plain) in CBT.V508.FILE042.PDS, moved to PDS/STAKEY
2025-03-28 15:09:46.875371 - Found STAKSDS.jcl (text/plain) in CBT.V508.FILE042.PDS, moved to PDS/STAKSDS
2025-03-28 15:09:46.876095 - Found STALNGF.jcl (text/plain) in CBT.V508.FILE042.PDS, moved to PDS/STALNGF
2025-03-28 15:09:46.876867 - Found STANM.jcl (text/plain) in CBT.V508.FILE042.PDS, moved to PDS/STANM
2025-03-28 15:09:46.877426 - Found STANMRPT.jcl (text/plain) in CBT.V508.FILE042.PDS, moved to PDS/STANMRPT
2025-03-28 15:09:46.877952 - Found STANMU.jcl (text/plain) in CBT.V508.FILE042.PDS, moved to PDS/STANMU
2025-03-28 15:09:46.878453 - Found STAPS.jcl (text/plain) in CBT.V508.FILE042.PDS, moved to PDS/STAPS
2025-03-28 15:09:46.879047 - Found STAPSREX.rexx (text/plain) in CBT.V508.FILE042.PDS, moved to PDS/STAPSREX
2025-03-28 15:09:46.879719 - Found STAPSRPT.jcl (text/plain) in CBT.V508.FILE042.PDS, moved to PDS/STAPSRPT
2025-03-28 15:09:46.880278 - Found STAPT.jcl (text/plain) in CBT.V508.FILE042.PDS, moved to PDS/STAPT
2025-03-28 15:09:46.880810 - Found STAPTRPT.jcl (text/plain) in CBT.V508.FILE042.PDS, moved to PDS/STAPTRPT
2025-03-28 15:09:46.881617 - Found STAPTRP2.jcl (text/plain) in CBT.V508.FILE042.PDS, moved to PDS/STAPTRP2
2025-03-28 15:09:46.882097 - Found STARE.jcl (text/plain) in CBT.V508.FILE042.PDS, moved to PDS/STARE
2025-03-28 15:09:46.882606 - Found STARECS.jcl (text/plain) in CBT.V508.FILE042.PDS, moved to PDS/STARECS
2025-03-28 15:09:46.883305 - Found STAREPRO.jcl (text/plain) in CBT.V508.FILE042.PDS, moved to PDS/STAREPRO
2025-03-28 15:09:46.883788 - Found STARJ.jcl (text/plain) in CBT.V508.FILE042.PDS, moved to PDS/STARJ
2025-03-28 15:09:46.884288 - Found STARO.jcl (text/plain) in CBT.V508.FILE042.PDS, moved to PDS/STARO
2025-03-28 15:09:46.884854 - Found STASMF01.jcl (text/plain) in CBT.V508.FILE042.PDS, moved to PDS/STASMF01
2025-03-28 15:09:46.885433 - Found STASMF02.jcl (text/plain) in CBT.V508.FILE042.PDS, moved to PDS/STASMF02
2025-03-28 15:09:46.885934 - Found STASMF03.jcl (text/plain) in CBT.V508.FILE042.PDS, moved to PDS/STASMF03
2025-03-28 15:09:46.886855 - Found STASMF04.jcl (text/plain) in CBT.V508.FILE042.PDS, moved to PDS/STASMF04
2025-03-28 15:09:46.887394 - Found STASS.jcl (text/plain) in CBT.V508.FILE042.PDS, moved to PDS/STASS
2025-03-28 15:09:46.887920 - Found STASW.jcl (text/plain) in CBT.V508.FILE042.PDS, moved to PDS/STASW
2025-03-28 15:09:46.888449 - Found STAS2.jcl (text/plain) in CBT.V508.FILE042.PDS, moved to PDS/STAS2
2025-03-28 15:09:46.889021 - Found WORDST1.odt (application/vnd.oasis.opendocument.text) in CBT.V508.FILE042.PDS, moved to PDS/WORDST1
2025-03-28 15:09:46.889851 - Found WORDST2.odt (application/vnd.oasis.opendocument.text) in CBT.V508.FILE042.PDS, moved to PDS/WORDST2
2025-03-28 15:09:46.890750 - Found WORDST3.odt (application/vnd.oasis.opendocument.text) in CBT.V508.FILE042.PDS, moved to PDS/WORDST3
2025-03-28 15:09:46.892074 - Found WORDST4.odt (application/vnd.oasis.opendocument.text) in CBT.V508.FILE042.PDS, moved to PDS/WORDST4
2025-03-28 15:09:46.892624 - Found WORDST5.odt (application/vnd.oasis.opendocument.text) in CBT.V508.FILE042.PDS, moved to PDS/WORDST5
